--- Entities (named entity recognition (NER)) ---
An entity is considered correct if the entity type and span is predicted correctly

                type    precision       recall     f1-score      support
           treatment        75.14        71.12        73.08          187
            pathogen         0.00         0.00         0.00            4
               other         0.00         0.00         0.00           14
                 qol        33.33         8.33        13.33           12
             biochem        56.25        47.37        51.43           19
                 env        45.45        29.41        35.71           17
                diag        40.00        50.00        44.44            4
                medC        67.17        66.37        66.77          336

               micro        67.33        62.90        65.04          593
               macro        39.67        34.08        35.60          593

--- Relations ---

Without named entity classification (NEC)
A relation is considered correct if the relation type and the spans of the two related entities are predicted correctly (entity type is not considered)

                type    precision       recall     f1-score      support
              treats        61.29        37.25        46.34           51
           diagnoses        33.33        33.33        33.33            3
          influences        38.46         9.09        14.71           55
          is_type_of        61.54        26.67        37.21           30
      side_effect_of       100.00         9.09        16.67           11
               other         0.00         0.00         0.00            9
              causes        51.52        19.32        28.10           88
            prevents        66.67        25.00        36.36            8
       is_similar_to         0.00         0.00         0.00            3
         has_symptom         0.00         0.00         0.00           10
         interaction         0.00         0.00         0.00            2

               micro        54.64        19.63        28.88          270
               macro        37.53        14.52        19.34          270

With named entity classification (NEC)
A relation is considered correct if the relation type and the two related entities are predicted correctly (in span and entity type)

                type    precision       recall     f1-score      support
              treats        58.06        35.29        43.90           51
           diagnoses        33.33        33.33        33.33            3
          influences        38.46         9.09        14.71           55
          is_type_of        61.54        26.67        37.21           30
      side_effect_of       100.00         9.09        16.67           11
               other         0.00         0.00         0.00            9
              causes        45.45        17.05        24.79           88
            prevents        66.67        25.00        36.36            8
       is_similar_to         0.00         0.00         0.00            3
         has_symptom         0.00         0.00         0.00           10
         interaction         0.00         0.00         0.00            2

               micro        51.55        18.52        27.25          270
               macro        36.68        14.14        18.82          270
2022-12-07 17:43:56,260 [MainThread  ] [INFO ]  Logged in: base/corpus/modelos/bert/data/log/eval_dev/2022-12-07_17:43:12.163119

