--- Entities (named entity recognition (NER)) ---
An entity is considered correct if the entity type and span is predicted correctly

                type    precision       recall     f1-score      support
             biochem        91.91        79.50        85.25          200
                 qol        72.50        74.36        73.42           78
           treatment        87.49        78.49        82.74         1506
                 env        89.26        78.24        83.39          170
                medC        83.78        79.21        81.43         2693
               other        87.38        85.71        86.54          105
                diag        85.71        56.60        68.18           53
            pathogen        95.56        70.49        81.13           61

               micro        85.41        78.67        81.90         4866
               macro        86.70        75.32        80.26         4866

--- Relations ---

Without named entity classification (NEC)
A relation is considered correct if the relation type and the spans of the two related entities are predicted correctly (entity type is not considered)

                type    precision       recall     f1-score      support
              causes        79.70        66.92        72.75          798
              treats        67.97        66.35        67.15          419
          influences        69.68        68.35        69.01          316
            prevents        83.78        63.27        72.09           98
       is_similar_to       100.00        40.00        57.14            5
         interaction        72.97        71.05        72.00           38
          is_type_of        78.85        64.06        70.69          256
               other        81.63        62.50        70.80           64
           diagnoses        57.89        32.35        41.51           34
         has_symptom        71.03        59.38        64.68          128
          treat-medC        90.91        62.50        74.07           16
      side_effect_of        82.81        76.81        79.70           69

               micro        75.15        65.73        70.13         2241
               macro        78.10        61.13        67.63         2241

With named entity classification (NEC)
A relation is considered correct if the relation type and the two related entities are predicted correctly (in span and entity type)

                type    precision       recall     f1-score      support
              causes        77.31        64.91        70.57          798
              treats        67.97        66.35        67.15          419
          influences        68.39        67.09        67.73          316
            prevents        83.78        63.27        72.09           98
       is_similar_to       100.00        40.00        57.14            5
         interaction        72.97        71.05        72.00           38
          is_type_of        78.85        64.06        70.69          256
               other        79.59        60.94        69.03           64
           diagnoses        57.89        32.35        41.51           34
         has_symptom        71.03        59.38        64.68          128
          treat-medC        90.91        62.50        74.07           16
      side_effect_of        82.81        76.81        79.70           69

               micro        74.08        64.79        69.13         2241
               macro        77.63        60.73        67.20         2241
2022-12-07 17:59:37,217 [MainThread  ] [INFO ]  Logged in: base/corpus/modelos/scibert/data/log/eval_train/2022-12-07_17:58:08.811681

