--- Entities (named entity recognition (NER)) ---
An entity is considered correct if the entity type and span is predicted correctly

                type    precision       recall     f1-score      support
               other         0.00         0.00         0.00           14
           treatment        73.71        68.98        71.27          187
                diag        25.00        50.00        33.33            4
            pathogen       100.00        25.00        40.00            4
             biochem        47.83        57.89        52.38           19
                medC        69.08        62.50        65.62          336
                 qol        66.67        16.67        26.67           12
                 env        20.00         5.88         9.09           17

               micro        68.07        60.03        63.80          593
               macro        50.29        35.87        37.30          593

--- Relations ---

Without named entity classification (NEC)
A relation is considered correct if the relation type and the spans of the two related entities are predicted correctly (entity type is not considered)

                type    precision       recall     f1-score      support
         interaction         0.00         0.00         0.00            2
         has_symptom         0.00         0.00         0.00           10
           diagnoses         0.00         0.00         0.00            3
               other         0.00         0.00         0.00            9
              treats        43.90        35.29        39.13           51
          is_type_of        69.23        60.00        64.29           30
       is_similar_to         0.00         0.00         0.00            3
            prevents        22.22        25.00        23.53            8
              causes        45.28        27.27        34.04           88
      side_effect_of         0.00         0.00         0.00           11
          influences        38.46         9.09        14.71           55

               micro        46.21        24.81        32.29          270
               macro        19.92        14.24        15.97          270

With named entity classification (NEC)
A relation is considered correct if the relation type and the two related entities are predicted correctly (in span and entity type)

                type    precision       recall     f1-score      support
         interaction         0.00         0.00         0.00            2
         has_symptom         0.00         0.00         0.00           10
           diagnoses         0.00         0.00         0.00            3
               other         0.00         0.00         0.00            9
              treats        43.90        35.29        39.13           51
          is_type_of        53.85        46.67        50.00           30
       is_similar_to         0.00         0.00         0.00            3
            prevents        22.22        25.00        23.53            8
              causes        41.51        25.00        31.21           88
      side_effect_of         0.00         0.00         0.00           11
          influences        30.77         7.27        11.76           55

               micro        41.38        22.22        28.92          270
               macro        17.48        12.66        14.15          270
2022-12-07 17:58:57,980 [MainThread  ] [INFO ]  Logged in: base/corpus/modelos/covid/data/log/eval_dev/2022-12-07_17:57:41.298504

