--- Entities (named entity recognition (NER)) ---
An entity is considered correct if the entity type and span is predicted correctly

                type    precision       recall     f1-score      support
                medC        89.03        99.48        93.97         2693
                 qol        83.33        96.15        89.29           78
                diag        94.55        98.11        96.30           53
           treatment        95.96        99.47        97.69         1506
            pathogen        98.39       100.00        99.19           61
                 env        91.85        99.41        95.48          170
               other        92.79        98.10        95.37          105
             biochem        97.06        99.00        98.02          200

               micro        91.64        99.36        95.35         4866
               macro        92.87        98.72        95.66         4866

--- Relations ---

Without named entity classification (NEC)
A relation is considered correct if the relation type and the spans of the two related entities are predicted correctly (entity type is not considered)

                type    precision       recall     f1-score      support
          treat-medC       100.00       100.00       100.00           16
       is_similar_to       100.00       100.00       100.00            5
               other        93.85        95.31        94.57           64
              causes        79.33        98.62        87.93          798
         has_symptom        83.78        96.88        89.86          128
         interaction        79.17       100.00        88.37           38
          is_type_of        83.95        98.05        90.45          256
          influences        84.68        99.68        91.57          316
      side_effect_of        85.19       100.00        92.00           69
              treats        82.97        98.81        90.20          419
            prevents        88.29       100.00        93.78           98
           diagnoses       100.00       100.00       100.00           34

               micro        82.85        98.71        90.08         2241
               macro        88.43        98.95        93.23         2241

With named entity classification (NEC)
A relation is considered correct if the relation type and the two related entities are predicted correctly (in span and entity type)

                type    precision       recall     f1-score      support
          treat-medC       100.00       100.00       100.00           16
       is_similar_to       100.00       100.00       100.00            5
               other        93.85        95.31        94.57           64
              causes        79.33        98.62        87.93          798
         has_symptom        83.78        96.88        89.86          128
         interaction        79.17       100.00        88.37           38
          is_type_of        83.95        98.05        90.45          256
          influences        84.68        99.68        91.57          316
      side_effect_of        85.19       100.00        92.00           69
              treats        82.97        98.81        90.20          419
            prevents        88.29       100.00        93.78           98
           diagnoses       100.00       100.00       100.00           34

               micro        82.85        98.71        90.08         2241
               macro        88.43        98.95        93.23         2241
2022-12-07 17:56:17,791 [MainThread  ] [INFO ]  Logged in: base/corpus/modelos/covid/data/log/eval_train/2022-12-07_17:54:25.170373

